# TLS secrets log file, generated by OpenSSL / Python
# TLS secrets log file, generated by OpenSSL / Python
SERVER_HANDSHAKE_TRAFFIC_SECRET 1d4d7bd3c6dfa10848075d9df6b13d8d4b63478989fc0659c8b9d038db596956 805335c00af544900951611211b3a8145e97a7f964ef3684915553f110418e352b3ea82df69c90922b074d870a687418
CLIENT_HANDSHAKE_TRAFFIC_SECRET 1d4d7bd3c6dfa10848075d9df6b13d8d4b63478989fc0659c8b9d038db596956 3487ec474c6060dd849199a74f9ed43a2c4f6bc1d272bf64d2acfe70441f1fb637455f15959a54c792657845139f76e8
EXPORTER_SECRET 1d4d7bd3c6dfa10848075d9df6b13d8d4b63478989fc0659c8b9d038db596956 f7881391eac679d56e0a3d8a310c27aa349f4f3471b7ee5c23242b42624c06d185dd91364971704e7082a65c1ced1f0e
SERVER_TRAFFIC_SECRET_0 1d4d7bd3c6dfa10848075d9df6b13d8d4b63478989fc0659c8b9d038db596956 03abc1e69b7bc8b9dfcd759b034babcaf58e92f063487d98198ec26ed7c345d04f9a65bf3fdc91329b0efc3d9e186c13
SERVER_HANDSHAKE_TRAFFIC_SECRET 1d4d7bd3c6dfa10848075d9df6b13d8d4b63478989fc0659c8b9d038db596956 805335c00af544900951611211b3a8145e97a7f964ef3684915553f110418e352b3ea82df69c90922b074d870a687418
EXPORTER_SECRET 1d4d7bd3c6dfa10848075d9df6b13d8d4b63478989fc0659c8b9d038db596956 f7881391eac679d56e0a3d8a310c27aa349f4f3471b7ee5c23242b42624c06d185dd91364971704e7082a65c1ced1f0e
SERVER_TRAFFIC_SECRET_0 1d4d7bd3c6dfa10848075d9df6b13d8d4b63478989fc0659c8b9d038db596956 03abc1e69b7bc8b9dfcd759b034babcaf58e92f063487d98198ec26ed7c345d04f9a65bf3fdc91329b0efc3d9e186c13
CLIENT_HANDSHAKE_TRAFFIC_SECRET 1d4d7bd3c6dfa10848075d9df6b13d8d4b63478989fc0659c8b9d038db596956 3487ec474c6060dd849199a74f9ed43a2c4f6bc1d272bf64d2acfe70441f1fb637455f15959a54c792657845139f76e8
CLIENT_TRAFFIC_SECRET_0 1d4d7bd3c6dfa10848075d9df6b13d8d4b63478989fc0659c8b9d038db596956 d761175b6efbb86cad55bcd7fadf3a3fe5234f0ea34aee6d5ae8fcd1b9c67b7a3569b7de9518e7d17fb7978076374908
CLIENT_TRAFFIC_SECRET_0 1d4d7bd3c6dfa10848075d9df6b13d8d4b63478989fc0659c8b9d038db596956 d761175b6efbb86cad55bcd7fadf3a3fe5234f0ea34aee6d5ae8fcd1b9c67b7a3569b7de9518e7d17fb7978076374908
# TLS secrets log file, generated by OpenSSL / Python
SERVER_HANDSHAKE_TRAFFIC_SECRET b860f9a4a368230e492f5d48954959aba8c9d3007fd8776ee4403c77565e3b4d 5ad7b8ea90954ee868f689cd99892cc2be3fd070c7929b37ab55d5ed815cfaa02e3612c28b91f86e761fd6920d8dca35
CLIENT_HANDSHAKE_TRAFFIC_SECRET b860f9a4a368230e492f5d48954959aba8c9d3007fd8776ee4403c77565e3b4d 38009dc9eb71635e83d0adb547fb60b3acfbfe165c5b3e09e2cfa5156c18932f4b983123061bbf5917fff651d965f93f
EXPORTER_SECRET b860f9a4a368230e492f5d48954959aba8c9d3007fd8776ee4403c77565e3b4d 4e29d5e801f2a05f02000247516c0fde988c5975ff9937b871a1da6c86f003148f8e1e025118ae8d12cb858636928650
SERVER_TRAFFIC_SECRET_0 b860f9a4a368230e492f5d48954959aba8c9d3007fd8776ee4403c77565e3b4d 99a224203b90eac4f2f8d09671e0a52e407de52e88509d670d52fa99381301a22fe87e72218a67a479c7d714f22fec05
SERVER_HANDSHAKE_TRAFFIC_SECRET b860f9a4a368230e492f5d48954959aba8c9d3007fd8776ee4403c77565e3b4d 5ad7b8ea90954ee868f689cd99892cc2be3fd070c7929b37ab55d5ed815cfaa02e3612c28b91f86e761fd6920d8dca35
EXPORTER_SECRET b860f9a4a368230e492f5d48954959aba8c9d3007fd8776ee4403c77565e3b4d 4e29d5e801f2a05f02000247516c0fde988c5975ff9937b871a1da6c86f003148f8e1e025118ae8d12cb858636928650
SERVER_TRAFFIC_SECRET_0 b860f9a4a368230e492f5d48954959aba8c9d3007fd8776ee4403c77565e3b4d 99a224203b90eac4f2f8d09671e0a52e407de52e88509d670d52fa99381301a22fe87e72218a67a479c7d714f22fec05
CLIENT_HANDSHAKE_TRAFFIC_SECRET b860f9a4a368230e492f5d48954959aba8c9d3007fd8776ee4403c77565e3b4d 38009dc9eb71635e83d0adb547fb60b3acfbfe165c5b3e09e2cfa5156c18932f4b983123061bbf5917fff651d965f93f
CLIENT_TRAFFIC_SECRET_0 b860f9a4a368230e492f5d48954959aba8c9d3007fd8776ee4403c77565e3b4d 2aae76c1efd4f18558ae8fbca8977b68a6ddf995ce0b05ec90351a412280341e10f2bcb4e2ea9b23ce8d8df59e2d4701
CLIENT_TRAFFIC_SECRET_0 b860f9a4a368230e492f5d48954959aba8c9d3007fd8776ee4403c77565e3b4d 2aae76c1efd4f18558ae8fbca8977b68a6ddf995ce0b05ec90351a412280341e10f2bcb4e2ea9b23ce8d8df59e2d4701
# TLS secrets log file, generated by OpenSSL / Python
# TLS secrets log file, generated by OpenSSL / Python
SERVER_HANDSHAKE_TRAFFIC_SECRET 310b75270d80fa95e6dbce21c3f1ff1f89333e544a0cbaef5ccc1af1aacbfdd8 469ce31192215c4f54e4fc4631c672aae160df39fafac5eb7bed544a15cdd514d48b1ee225d3939534218e191d1e3af1
CLIENT_HANDSHAKE_TRAFFIC_SECRET 310b75270d80fa95e6dbce21c3f1ff1f89333e544a0cbaef5ccc1af1aacbfdd8 89d1587842e394188f04a93fe0994a17bba9e0d44d7275f430fbac95ea05fd2ce020b200cd9285a745235a1fa4a3918e
EXPORTER_SECRET 310b75270d80fa95e6dbce21c3f1ff1f89333e544a0cbaef5ccc1af1aacbfdd8 18e75e99beeeaec4ecfa039ac72d34a4df915598367e60a03312b98d4ce427bf97919bf279c8bceec4df38fdecc8b178
SERVER_TRAFFIC_SECRET_0 310b75270d80fa95e6dbce21c3f1ff1f89333e544a0cbaef5ccc1af1aacbfdd8 3a2322a378c0e590e3df893d85df6689a649539d8b6b48efb0e5b7c6df72aec416d64aa1b7330d1f407d91d0639fb9aa
SERVER_HANDSHAKE_TRAFFIC_SECRET 310b75270d80fa95e6dbce21c3f1ff1f89333e544a0cbaef5ccc1af1aacbfdd8 469ce31192215c4f54e4fc4631c672aae160df39fafac5eb7bed544a15cdd514d48b1ee225d3939534218e191d1e3af1
EXPORTER_SECRET 310b75270d80fa95e6dbce21c3f1ff1f89333e544a0cbaef5ccc1af1aacbfdd8 18e75e99beeeaec4ecfa039ac72d34a4df915598367e60a03312b98d4ce427bf97919bf279c8bceec4df38fdecc8b178
SERVER_TRAFFIC_SECRET_0 310b75270d80fa95e6dbce21c3f1ff1f89333e544a0cbaef5ccc1af1aacbfdd8 3a2322a378c0e590e3df893d85df6689a649539d8b6b48efb0e5b7c6df72aec416d64aa1b7330d1f407d91d0639fb9aa
CLIENT_HANDSHAKE_TRAFFIC_SECRET 310b75270d80fa95e6dbce21c3f1ff1f89333e544a0cbaef5ccc1af1aacbfdd8 89d1587842e394188f04a93fe0994a17bba9e0d44d7275f430fbac95ea05fd2ce020b200cd9285a745235a1fa4a3918e
CLIENT_TRAFFIC_SECRET_0 310b75270d80fa95e6dbce21c3f1ff1f89333e544a0cbaef5ccc1af1aacbfdd8 2f114f0dc73d81384d22ab1bf33b1c13bdfa0273b35944bb27c427ed33c16edb8b18b532db02d87790ccdfcf3aec6be4
CLIENT_TRAFFIC_SECRET_0 310b75270d80fa95e6dbce21c3f1ff1f89333e544a0cbaef5ccc1af1aacbfdd8 2f114f0dc73d81384d22ab1bf33b1c13bdfa0273b35944bb27c427ed33c16edb8b18b532db02d87790ccdfcf3aec6be4
# TLS secrets log file, generated by OpenSSL / Python
SERVER_HANDSHAKE_TRAFFIC_SECRET 3a5f7b517cecd1017ed3828c285334964fe0656eca45f30d61b778a00a5a9800 0be308400016b84644a6aa020011e95607bd61f5fc16c777ff115e73daaf7171b211f0d12939d8c0131d890ce435b049
CLIENT_HANDSHAKE_TRAFFIC_SECRET 3a5f7b517cecd1017ed3828c285334964fe0656eca45f30d61b778a00a5a9800 7c716b702ae3a821011d1ab7444e0dfdf2d69fd638750c12583d39fb67c43fe3ff56fc010f0d312edc94a5676a7121e4
EXPORTER_SECRET 3a5f7b517cecd1017ed3828c285334964fe0656eca45f30d61b778a00a5a9800 8332a8dbd33bd3223fadbc1220e89e36ef39a806139ed052cbabc49287d440954c75b5c5d5a9867f605b03e57bddb683
SERVER_TRAFFIC_SECRET_0 3a5f7b517cecd1017ed3828c285334964fe0656eca45f30d61b778a00a5a9800 1f7595b39e57dfdc586ccdd8310188beaab50fba0cec4769681812030b0b1e00aabd76a74cceca56476252fd7a220b03
SERVER_HANDSHAKE_TRAFFIC_SECRET 3a5f7b517cecd1017ed3828c285334964fe0656eca45f30d61b778a00a5a9800 0be308400016b84644a6aa020011e95607bd61f5fc16c777ff115e73daaf7171b211f0d12939d8c0131d890ce435b049
EXPORTER_SECRET 3a5f7b517cecd1017ed3828c285334964fe0656eca45f30d61b778a00a5a9800 8332a8dbd33bd3223fadbc1220e89e36ef39a806139ed052cbabc49287d440954c75b5c5d5a9867f605b03e57bddb683
SERVER_TRAFFIC_SECRET_0 3a5f7b517cecd1017ed3828c285334964fe0656eca45f30d61b778a00a5a9800 1f7595b39e57dfdc586ccdd8310188beaab50fba0cec4769681812030b0b1e00aabd76a74cceca56476252fd7a220b03
CLIENT_HANDSHAKE_TRAFFIC_SECRET 3a5f7b517cecd1017ed3828c285334964fe0656eca45f30d61b778a00a5a9800 7c716b702ae3a821011d1ab7444e0dfdf2d69fd638750c12583d39fb67c43fe3ff56fc010f0d312edc94a5676a7121e4
CLIENT_TRAFFIC_SECRET_0 3a5f7b517cecd1017ed3828c285334964fe0656eca45f30d61b778a00a5a9800 48cd391cd5ec924db4d605e61fb187f8a0eb60f79628589218c14f4cfff3a9199d91be96e0c1a89ed045cc69d1ba183c
CLIENT_TRAFFIC_SECRET_0 3a5f7b517cecd1017ed3828c285334964fe0656eca45f30d61b778a00a5a9800 48cd391cd5ec924db4d605e61fb187f8a0eb60f79628589218c14f4cfff3a9199d91be96e0c1a89ed045cc69d1ba183c
